
Showing logs for build [32mcb-kubecd-environment-pr-165-15-dvq5k-1[0m stage [32mfrom-build-pack[0m and container [32mstep-credential-initializer-vjcq5[0m
{"level":"warn","ts":1582613141.4333463,"logger":"fallback-logger","caller":"logging/config.go:69","msg":"Fetch GitHub commit ID from kodata failed: \"ref: refs/heads/0.8.0-**-support-backwards-incompats\" is not a valid GitHub commit ID"}
{"level":"info","ts":1582613141.4344926,"logger":"fallback-logger","caller":"creds-init/main.go:40","msg":"Credentials initialized."}

Showing logs for build [32mcb-kubecd-environment-pr-165-15-dvq5k-1[0m stage [32mfrom-build-pack[0m and container [32mstep-working-dir-initializer-c4g8t[0m
{"level":"warn","ts":1582613142.6018171,"logger":"fallback-logger","caller":"logging/config.go:69","msg":"Fetch GitHub commit ID from kodata failed: open /var/run/ko/HEAD: no such file or directory"}
{"level":"info","ts":1582613142.603518,"logger":"fallback-logger","caller":"bash/main.go:64","msg":"Successfully executed command \"sh -c mkdir -p /workspace/source\"; output "}

Showing logs for build [32mcb-kubecd-environment-pr-165-15-dvq5k-1[0m stage [32mfrom-build-pack[0m and container [32mstep-place-tools[0m

Showing logs for build [32mcb-kubecd-environment-pr-165-15-dvq5k-1[0m stage [32mfrom-build-pack[0m and container [32mstep-git-source-cb-kubecd-environment-pr-165-15-dvq5k-w2nv7[0m
{"level":"warn","ts":1582613146.8764324,"logger":"fallback-logger","caller":"logging/config.go:69","msg":"Fetch GitHub commit ID from kodata failed: \"ref: refs/heads/0.8.0-**-support-backwards-incompats\" is not a valid GitHub commit ID"}
{"level":"info","ts":1582613147.9422112,"logger":"fallback-logger","caller":"git/git.go:103","msg":"Successfully cloned https://github.com/cb-kubecd/environment-pr-165-154-boot-gke-staging.git @ master in path /workspace/source"}

Showing logs for build [32mcb-kubecd-environment-pr-165-15-dvq5k-1[0m stage [32mfrom-build-pack[0m and container [32mstep-git-merge[0m
Using SHAs from PULL_REFS=master:c35246a05d3e9563bcc42bc748764258a6fa256a,2:ebcc2d48c4cdedfbd6c84b4392c425e26cd57394
DEBUG: LC_ALL=C JX_LOG_LEVEL=error git fetch origin --unshallow ebcc2d48c4cdedfbd6c84b4392c425e26cd57394: c35246a05d3e9563bcc42bc748764258a6fa256a:
DEBUG: ran git fetch --unshallow origin ebcc2d48c4cdedfbd6c84b4392c425e26cd57394: c35246a05d3e9563bcc42bc748764258a6fa256a: in 
DEBUG: LC_ALL=C JX_LOG_LEVEL=error git branch
DEBUG: LC_ALL=C JX_LOG_LEVEL=error git checkout master
DEBUG: ran git checkout master in 
DEBUG: LC_ALL=C JX_LOG_LEVEL=error git reset --hard c35246a05d3e9563bcc42bc748764258a6fa256a
DEBUG: ran git reset --hard c35246a05d3e9563bcc42bc748764258a6fa256a in 
DEBUG: LC_ALL=C JX_LOG_LEVEL=error git clean -fd .
DEBUG: ran clean --force -d . in 
DEBUG: LC_ALL=C JX_LOG_LEVEL=error git merge ebcc2d48c4cdedfbd6c84b4392c425e26cd57394
DEBUG: ran git merge ebcc2d48c4cdedfbd6c84b4392c425e26cd57394 in 
DEBUG: JX_LOG_LEVEL=error LC_ALL=C git log --format=%H%x1f%an%x1f%ae%x1f%cn%x1f%ce%x1f%s%n%b%x1e c35246a05d3e9563bcc42bc748764258a6fa256a..HEAD
Merged SHA ebcc2d48c4cdedfbd6c84b4392c425e26cd57394 with commit message 'chore: Promote bdd-gh-1582612839 to version 0.0.1' into base branch master

Showing logs for build [32mcb-kubecd-environment-pr-165-15-dvq5k-1[0m stage [32mfrom-build-pack[0m and container [32mstep-build-helm-build[0m
WARNING: No $CHART_REPOSITORY defined so using the default value of: http://jenkins-x-chartmuseum:8080
Adding missing Helm repo: storage.googleapis.com https://storage.googleapis.com/chartmuseum.jenkins-x.io
WARNING: No secrets found on "helm/repos" due: reading the secret "helm/repos" from vault: no secret "helm/repos" not found in vault
Read credentials for https://storage.googleapis.com/chartmuseum.jenkins-x.io from vault helm/repos
Successfully added Helm repository storage.googleapis.com.
Adding missing Helm repo: jenkins-x-chartmuseum http://jenkins-x-chartmuseum:8080
WARNING: No secrets found on "helm/repos" due: reading the secret "helm/repos" from vault: no secret "helm/repos" not found in vault
Read credentials for http://jenkins-x-chartmuseum:8080 from vault helm/repos
Successfully added Helm repository jenkins-x-chartmuseum.
WARNING: No $CHART_REPOSITORY defined so using the default value of: http://jenkins-x-chartmuseum:8080
Adding missing Helm repo: chartmuseum.jenkins-x.io http://chartmuseum.jenkins-x.io
WARNING: No secrets found on "helm/repos" due: reading the secret "helm/repos" from vault: no secret "helm/repos" not found in vault
Read credentials for http://chartmuseum.jenkins-x.io from vault helm/repos
Successfully added Helm repository chartmuseum.jenkins-x.io.
