
Showing logs for build [32mcb-kubecd-environment-pr-165-15-f2f2p-1[0m stage [32mfrom-build-pack[0m and container [32mstep-credential-initializer-npgd4[0m
{"level":"warn","ts":1582615988.7664917,"logger":"fallback-logger","caller":"logging/config.go:69","msg":"Fetch GitHub commit ID from kodata failed: \"ref: refs/heads/0.8.0-**-support-backwards-incompats\" is not a valid GitHub commit ID"}
{"level":"info","ts":1582615988.7676082,"logger":"fallback-logger","caller":"creds-init/main.go:40","msg":"Credentials initialized."}

Showing logs for build [32mcb-kubecd-environment-pr-165-15-f2f2p-1[0m stage [32mfrom-build-pack[0m and container [32mstep-working-dir-initializer-p25k7[0m
{"level":"warn","ts":1582615990.0314515,"logger":"fallback-logger","caller":"logging/config.go:69","msg":"Fetch GitHub commit ID from kodata failed: open /var/run/ko/HEAD: no such file or directory"}
{"level":"info","ts":1582615990.033428,"logger":"fallback-logger","caller":"bash/main.go:64","msg":"Successfully executed command \"sh -c mkdir -p /workspace/source\"; output "}

Showing logs for build [32mcb-kubecd-environment-pr-165-15-f2f2p-1[0m stage [32mfrom-build-pack[0m and container [32mstep-place-tools[0m

Showing logs for build [32mcb-kubecd-environment-pr-165-15-f2f2p-1[0m stage [32mfrom-build-pack[0m and container [32mstep-git-source-cb-kubecd-environment-pr-165-15-f2f2p-wxtf7[0m
{"level":"warn","ts":1582615996.1273215,"logger":"fallback-logger","caller":"logging/config.go:69","msg":"Fetch GitHub commit ID from kodata failed: \"ref: refs/heads/0.8.0-**-support-backwards-incompats\" is not a valid GitHub commit ID"}
{"level":"info","ts":1582615997.2833254,"logger":"fallback-logger","caller":"git/git.go:103","msg":"Successfully cloned https://github.com/cb-kubecd/environment-pr-165-154-boot-gke-staging.git @ master in path /workspace/source"}

Showing logs for build [32mcb-kubecd-environment-pr-165-15-f2f2p-1[0m stage [32mfrom-build-pack[0m and container [32mstep-git-merge[0m
Using SHAs from PULL_REFS=master:d0388907928626b961bec613714b19dc7b18cbbb,6:b261ff1aa22733ff9add1928b399e51d6f0826a4
DEBUG: LC_ALL=C JX_LOG_LEVEL=error git fetch origin --unshallow b261ff1aa22733ff9add1928b399e51d6f0826a4: d0388907928626b961bec613714b19dc7b18cbbb:
DEBUG: ran git fetch --unshallow origin b261ff1aa22733ff9add1928b399e51d6f0826a4: d0388907928626b961bec613714b19dc7b18cbbb: in 
DEBUG: LC_ALL=C JX_LOG_LEVEL=error git branch
DEBUG: JX_LOG_LEVEL=error LC_ALL=C git checkout master
DEBUG: ran git checkout master in 
DEBUG: JX_LOG_LEVEL=error LC_ALL=C git reset --hard d0388907928626b961bec613714b19dc7b18cbbb
DEBUG: ran git reset --hard d0388907928626b961bec613714b19dc7b18cbbb in 
DEBUG: LC_ALL=C JX_LOG_LEVEL=error git clean -fd .
DEBUG: ran clean --force -d . in 
DEBUG: LC_ALL=C JX_LOG_LEVEL=error git merge b261ff1aa22733ff9add1928b399e51d6f0826a4
DEBUG: ran git merge b261ff1aa22733ff9add1928b399e51d6f0826a4 in 
DEBUG: LC_ALL=C JX_LOG_LEVEL=error git log --format=%H%x1f%an%x1f%ae%x1f%cn%x1f%ce%x1f%s%n%b%x1e d0388907928626b961bec613714b19dc7b18cbbb..HEAD
Merged SHA b261ff1aa22733ff9add1928b399e51d6f0826a4 with commit message 'chore: Promote bdd-sbhg-import-1582615070 to version 0.0.1' into base branch master

Showing logs for build [32mcb-kubecd-environment-pr-165-15-f2f2p-1[0m stage [32mfrom-build-pack[0m and container [32mstep-build-helm-build[0m
WARNING: No $CHART_REPOSITORY defined so using the default value of: http://jenkins-x-chartmuseum:8080
Adding missing Helm repo: storage.googleapis.com https://storage.googleapis.com/chartmuseum.jenkins-x.io
WARNING: No secrets found on "helm/repos" due: reading the secret "helm/repos" from vault: no secret "helm/repos" not found in vault
Read credentials for https://storage.googleapis.com/chartmuseum.jenkins-x.io from vault helm/repos
Successfully added Helm repository storage.googleapis.com.
Adding missing Helm repo: jenkins-x-chartmuseum http://jenkins-x-chartmuseum:8080
WARNING: No secrets found on "helm/repos" due: reading the secret "helm/repos" from vault: no secret "helm/repos" not found in vault
Read credentials for http://jenkins-x-chartmuseum:8080 from vault helm/repos
Successfully added Helm repository jenkins-x-chartmuseum.
WARNING: No $CHART_REPOSITORY defined so using the default value of: http://jenkins-x-chartmuseum:8080
Adding missing Helm repo: chartmuseum.jenkins-x.io http://chartmuseum.jenkins-x.io
WARNING: No secrets found on "helm/repos" due: reading the secret "helm/repos" from vault: no secret "helm/repos" not found in vault
Read credentials for http://chartmuseum.jenkins-x.io from vault helm/repos
Successfully added Helm repository chartmuseum.jenkins-x.io.
