
Showing logs for build [32mcb-kubecd-environment-pr-165-15-vxd27-1[0m stage [32mfrom-build-pack[0m and container [32mstep-credential-initializer-w5rkx[0m
{"level":"warn","ts":1582617151.4656549,"logger":"fallback-logger","caller":"logging/config.go:69","msg":"Fetch GitHub commit ID from kodata failed: \"ref: refs/heads/0.8.0-**-support-backwards-incompats\" is not a valid GitHub commit ID"}
{"level":"info","ts":1582617151.4667659,"logger":"fallback-logger","caller":"creds-init/main.go:40","msg":"Credentials initialized."}

Showing logs for build [32mcb-kubecd-environment-pr-165-15-vxd27-1[0m stage [32mfrom-build-pack[0m and container [32mstep-working-dir-initializer-st59x[0m
{"level":"warn","ts":1582617152.5377734,"logger":"fallback-logger","caller":"logging/config.go:69","msg":"Fetch GitHub commit ID from kodata failed: open /var/run/ko/HEAD: no such file or directory"}
{"level":"info","ts":1582617152.539601,"logger":"fallback-logger","caller":"bash/main.go:64","msg":"Successfully executed command \"sh -c mkdir -p /workspace/source\"; output "}

Showing logs for build [32mcb-kubecd-environment-pr-165-15-vxd27-1[0m stage [32mfrom-build-pack[0m and container [32mstep-place-tools[0m

Showing logs for build [32mcb-kubecd-environment-pr-165-15-vxd27-1[0m stage [32mfrom-build-pack[0m and container [32mstep-git-source-cb-kubecd-environment-pr-165-15-vxd27-rsr6h[0m
{"level":"warn","ts":1582617156.8051455,"logger":"fallback-logger","caller":"logging/config.go:69","msg":"Fetch GitHub commit ID from kodata failed: \"ref: refs/heads/0.8.0-**-support-backwards-incompats\" is not a valid GitHub commit ID"}
{"level":"info","ts":1582617157.8885686,"logger":"fallback-logger","caller":"git/git.go:103","msg":"Successfully cloned https://github.com/cb-kubecd/environment-pr-165-154-boot-gke-staging.git @ master in path /workspace/source"}

Showing logs for build [32mcb-kubecd-environment-pr-165-15-vxd27-1[0m stage [32mfrom-build-pack[0m and container [32mstep-git-merge[0m
Using SHAs from PULL_REFS=master:bf78cb9a307d7d95f6b4b8cdb8133d348b3f87aa,8:1a4314adeac9937091c23d4ef97fdcb7c03a1d3a
DEBUG: LC_ALL=C JX_LOG_LEVEL=error git fetch origin --unshallow 1a4314adeac9937091c23d4ef97fdcb7c03a1d3a: bf78cb9a307d7d95f6b4b8cdb8133d348b3f87aa:
DEBUG: ran git fetch --unshallow origin 1a4314adeac9937091c23d4ef97fdcb7c03a1d3a: bf78cb9a307d7d95f6b4b8cdb8133d348b3f87aa: in 
DEBUG: JX_LOG_LEVEL=error LC_ALL=C git branch
DEBUG: LC_ALL=C JX_LOG_LEVEL=error git checkout master
DEBUG: ran git checkout master in 
DEBUG: LC_ALL=C JX_LOG_LEVEL=error git reset --hard bf78cb9a307d7d95f6b4b8cdb8133d348b3f87aa
DEBUG: ran git reset --hard bf78cb9a307d7d95f6b4b8cdb8133d348b3f87aa in 
DEBUG: JX_LOG_LEVEL=error LC_ALL=C git clean -fd .
DEBUG: ran clean --force -d . in 
DEBUG: LC_ALL=C JX_LOG_LEVEL=error git merge 1a4314adeac9937091c23d4ef97fdcb7c03a1d3a
DEBUG: ran git merge 1a4314adeac9937091c23d4ef97fdcb7c03a1d3a in 
DEBUG: LC_ALL=C JX_LOG_LEVEL=error git log --format=%H%x1f%an%x1f%ae%x1f%cn%x1f%ce%x1f%s%n%b%x1e bf78cb9a307d7d95f6b4b8cdb8133d348b3f87aa..HEAD
Merged SHA 1a4314adeac9937091c23d4ef97fdcb7c03a1d3a with commit message 'chore: Promote bdd-ghf**y-import-1582615070 to version 0.0.1' into base branch master

Showing logs for build [32mcb-kubecd-environment-pr-165-15-vxd27-1[0m stage [32mfrom-build-pack[0m and container [32mstep-build-helm-build[0m
WARNING: No $CHART_REPOSITORY defined so using the default value of: http://jenkins-x-chartmuseum:8080
Adding missing Helm repo: storage.googleapis.com https://storage.googleapis.com/chartmuseum.jenkins-x.io
WARNING: No secrets found on "helm/repos" due: reading the secret "helm/repos" from vault: no secret "helm/repos" not found in vault
Read credentials for https://storage.googleapis.com/chartmuseum.jenkins-x.io from vault helm/repos
Successfully added Helm repository storage.googleapis.com.
Adding missing Helm repo: jenkins-x-chartmuseum http://jenkins-x-chartmuseum:8080
WARNING: No secrets found on "helm/repos" due: reading the secret "helm/repos" from vault: no secret "helm/repos" not found in vault
Read credentials for http://jenkins-x-chartmuseum:8080 from vault helm/repos
Successfully added Helm repository jenkins-x-chartmuseum.
WARNING: No $CHART_REPOSITORY defined so using the default value of: http://jenkins-x-chartmuseum:8080
Adding missing Helm repo: chartmuseum.jenkins-x.io http://chartmuseum.jenkins-x.io
WARNING: No secrets found on "helm/repos" due: reading the secret "helm/repos" from vault: no secret "helm/repos" not found in vault
Read credentials for http://chartmuseum.jenkins-x.io from vault helm/repos
Successfully added Helm repository chartmuseum.jenkins-x.io.
