
Showing logs for build [32mcb-kubecd-environment-pr-165-15-f646q-1[0m stage [32mfrom-build-pack[0m and container [32mstep-credential-initializer-5fctb[0m
{"level":"warn","ts":1582616640.5693252,"logger":"fallback-logger","caller":"logging/config.go:69","msg":"Fetch GitHub commit ID from kodata failed: \"ref: refs/heads/0.8.0-**-support-backwards-incompats\" is not a valid GitHub commit ID"}
{"level":"info","ts":1582616640.5709531,"logger":"fallback-logger","caller":"creds-init/main.go:40","msg":"Credentials initialized."}

Showing logs for build [32mcb-kubecd-environment-pr-165-15-f646q-1[0m stage [32mfrom-build-pack[0m and container [32mstep-working-dir-initializer-sz25d[0m
{"level":"warn","ts":1582616641.1762564,"logger":"fallback-logger","caller":"logging/config.go:69","msg":"Fetch GitHub commit ID from kodata failed: open /var/run/ko/HEAD: no such file or directory"}
{"level":"info","ts":1582616641.1779182,"logger":"fallback-logger","caller":"bash/main.go:64","msg":"Successfully executed command \"sh -c mkdir -p /workspace/source\"; output "}

Showing logs for build [32mcb-kubecd-environment-pr-165-15-f646q-1[0m stage [32mfrom-build-pack[0m and container [32mstep-place-tools[0m

Showing logs for build [32mcb-kubecd-environment-pr-165-15-f646q-1[0m stage [32mfrom-build-pack[0m and container [32mstep-git-source-cb-kubecd-environment-pr-165-15-f646q-xgbfp[0m
{"level":"warn","ts":1582616646.6278617,"logger":"fallback-logger","caller":"logging/config.go:69","msg":"Fetch GitHub commit ID from kodata failed: \"ref: refs/heads/0.8.0-**-support-backwards-incompats\" is not a valid GitHub commit ID"}
{"level":"info","ts":1582616647.6834884,"logger":"fallback-logger","caller":"git/git.go:103","msg":"Successfully cloned https://github.com/cb-kubecd/environment-pr-165-154-boot-gke-staging.git @ master in path /workspace/source"}

Showing logs for build [32mcb-kubecd-environment-pr-165-15-f646q-1[0m stage [32mfrom-build-pack[0m and container [32mstep-git-merge[0m
Using SHAs from PULL_REFS=master:72487f1312d4a02cdd198fe005eca6a8a5332577,7:bddebec1f3b86cf9bf072d68a76c513c8ccff580
DEBUG: LC_ALL=C JX_LOG_LEVEL=error git fetch origin --unshallow bddebec1f3b86cf9bf072d68a76c513c8ccff580: 72487f1312d4a02cdd198fe005eca6a8a5332577:
DEBUG: ran git fetch --unshallow origin bddebec1f3b86cf9bf072d68a76c513c8ccff580: 72487f1312d4a02cdd198fe005eca6a8a5332577: in 
DEBUG: LC_ALL=C JX_LOG_LEVEL=error git branch
DEBUG: LC_ALL=C JX_LOG_LEVEL=error git checkout master
DEBUG: ran git checkout master in 
DEBUG: LC_ALL=C JX_LOG_LEVEL=error git reset --hard 72487f1312d4a02cdd198fe005eca6a8a5332577
DEBUG: ran git reset --hard 72487f1312d4a02cdd198fe005eca6a8a5332577 in 
DEBUG: LC_ALL=C JX_LOG_LEVEL=error git clean -fd .
DEBUG: ran clean --force -d . in 
DEBUG: LC_ALL=C JX_LOG_LEVEL=error git merge bddebec1f3b86cf9bf072d68a76c513c8ccff580
DEBUG: ran git merge bddebec1f3b86cf9bf072d68a76c513c8ccff580 in 
DEBUG: LC_ALL=C JX_LOG_LEVEL=error git log --format=%H%x1f%an%x1f%ae%x1f%cn%x1f%ce%x1f%s%n%b%x1e 72487f1312d4a02cdd198fe005eca6a8a5332577..HEAD
Merged SHA bddebec1f3b86cf9bf072d68a76c513c8ccff580 with commit message 'chore: Promote bdd-sbrp-import-1582615070 to version 0.0.1' into base branch master

Showing logs for build [32mcb-kubecd-environment-pr-165-15-f646q-1[0m stage [32mfrom-build-pack[0m and container [32mstep-build-helm-build[0m
WARNING: No $CHART_REPOSITORY defined so using the default value of: http://jenkins-x-chartmuseum:8080
Adding missing Helm repo: storage.googleapis.com https://storage.googleapis.com/chartmuseum.jenkins-x.io
WARNING: No secrets found on "helm/repos" due: reading the secret "helm/repos" from vault: no secret "helm/repos" not found in vault
Read credentials for https://storage.googleapis.com/chartmuseum.jenkins-x.io from vault helm/repos
Successfully added Helm repository storage.googleapis.com.
Adding missing Helm repo: jenkins-x-chartmuseum http://jenkins-x-chartmuseum:8080
WARNING: No secrets found on "helm/repos" due: reading the secret "helm/repos" from vault: no secret "helm/repos" not found in vault
Read credentials for http://jenkins-x-chartmuseum:8080 from vault helm/repos
Successfully added Helm repository jenkins-x-chartmuseum.
WARNING: No $CHART_REPOSITORY defined so using the default value of: http://jenkins-x-chartmuseum:8080
Adding missing Helm repo: chartmuseum.jenkins-x.io http://chartmuseum.jenkins-x.io
WARNING: No secrets found on "helm/repos" due: reading the secret "helm/repos" from vault: no secret "helm/repos" not found in vault
Read credentials for http://chartmuseum.jenkins-x.io from vault helm/repos
Successfully added Helm repository chartmuseum.jenkins-x.io.
