
Showing logs for build [32mcb-kubecd-environment-pr-165-15-6wftq-1[0m stage [32mfrom-build-pack[0m and container [32mstep-credential-initializer-jjb9v[0m
{"level":"warn","ts":1582612145.065457,"logger":"fallback-logger","caller":"logging/config.go:69","msg":"Fetch GitHub commit ID from kodata failed: \"ref: refs/heads/0.8.0-**-support-backwards-incompats\" is not a valid GitHub commit ID"}
{"level":"info","ts":1582612145.0708075,"logger":"fallback-logger","caller":"creds-init/main.go:40","msg":"Credentials initialized."}

Showing logs for build [32mcb-kubecd-environment-pr-165-15-6wftq-1[0m stage [32mfrom-build-pack[0m and container [32mstep-working-dir-initializer-zxd4j[0m
{"level":"warn","ts":1582612146.4685864,"logger":"fallback-logger","caller":"logging/config.go:69","msg":"Fetch GitHub commit ID from kodata failed: open /var/run/ko/HEAD: no such file or directory"}
{"level":"info","ts":1582612146.4702878,"logger":"fallback-logger","caller":"bash/main.go:64","msg":"Successfully executed command \"sh -c mkdir -p /workspace/source\"; output "}

Showing logs for build [32mcb-kubecd-environment-pr-165-15-6wftq-1[0m stage [32mfrom-build-pack[0m and container [32mstep-place-tools[0m

Showing logs for build [32mcb-kubecd-environment-pr-165-15-6wftq-1[0m stage [32mfrom-build-pack[0m and container [32mstep-git-source-cb-kubecd-environment-pr-165-15-6wftq-ql56d[0m
{"level":"warn","ts":1582612152.7155344,"logger":"fallback-logger","caller":"logging/config.go:69","msg":"Fetch GitHub commit ID from kodata failed: \"ref: refs/heads/0.8.0-**-support-backwards-incompats\" is not a valid GitHub commit ID"}
{"level":"info","ts":1582612153.8458614,"logger":"fallback-logger","caller":"git/git.go:103","msg":"Successfully cloned https://github.com/cb-kubecd/environment-pr-165-154-boot-gke-staging.git @ master in path /workspace/source"}

Showing logs for build [32mcb-kubecd-environment-pr-165-15-6wftq-1[0m stage [32mfrom-build-pack[0m and container [32mstep-git-merge[0m
Using SHAs from PULL_REFS=master:3ad2a9685c696921725bdc77b42c2d038f58478e,1:99c8c7d1722474bc199539221f2ef878b239e97f
DEBUG: LC_ALL=C JX_LOG_LEVEL=error git fetch origin --unshallow 99c8c7d1722474bc199539221f2ef878b239e97f: 3ad2a9685c696921725bdc77b42c2d038f58478e:
DEBUG: ran git fetch --unshallow origin 99c8c7d1722474bc199539221f2ef878b239e97f: 3ad2a9685c696921725bdc77b42c2d038f58478e: in 
DEBUG: JX_LOG_LEVEL=error LC_ALL=C git branch
DEBUG: LC_ALL=C JX_LOG_LEVEL=error git checkout master
DEBUG: ran git checkout master in 
DEBUG: LC_ALL=C JX_LOG_LEVEL=error git reset --hard 3ad2a9685c696921725bdc77b42c2d038f58478e
DEBUG: ran git reset --hard 3ad2a9685c696921725bdc77b42c2d038f58478e in 
DEBUG: LC_ALL=C JX_LOG_LEVEL=error git clean -fd .
DEBUG: ran clean --force -d . in 
DEBUG: JX_LOG_LEVEL=error LC_ALL=C git merge 99c8c7d1722474bc199539221f2ef878b239e97f
DEBUG: ran git merge 99c8c7d1722474bc199539221f2ef878b239e97f in 
DEBUG: JX_LOG_LEVEL=error LC_ALL=C git log --format=%H%x1f%an%x1f%ae%x1f%cn%x1f%ce%x1f%s%n%b%x1e 3ad2a9685c696921725bdc77b42c2d038f58478e..HEAD
Merged SHA 99c8c7d1722474bc199539221f2ef878b239e97f with commit message 'chore: Promote bdd-spring-1582611857 to version 0.0.1' into base branch master

Showing logs for build [32mcb-kubecd-environment-pr-165-15-6wftq-1[0m stage [32mfrom-build-pack[0m and container [32mstep-build-helm-build[0m
WARNING: No $CHART_REPOSITORY defined so using the default value of: http://jenkins-x-chartmuseum:8080
Adding missing Helm repo: storage.googleapis.com https://storage.googleapis.com/chartmuseum.jenkins-x.io
WARNING: No secrets found on "helm/repos" due: reading the secret "helm/repos" from vault: no secret "helm/repos" not found in vault
Read credentials for https://storage.googleapis.com/chartmuseum.jenkins-x.io from vault helm/repos
Successfully added Helm repository storage.googleapis.com.
Adding missing Helm repo: jenkins-x-chartmuseum http://jenkins-x-chartmuseum:8080
WARNING: No secrets found on "helm/repos" due: reading the secret "helm/repos" from vault: no secret "helm/repos" not found in vault
Read credentials for http://jenkins-x-chartmuseum:8080 from vault helm/repos
Successfully added Helm repository jenkins-x-chartmuseum.
WARNING: No $CHART_REPOSITORY defined so using the default value of: http://jenkins-x-chartmuseum:8080
Adding missing Helm repo: chartmuseum.jenkins-x.io http://chartmuseum.jenkins-x.io
WARNING: No secrets found on "helm/repos" due: reading the secret "helm/repos" from vault: no secret "helm/repos" not found in vault
Read credentials for http://chartmuseum.jenkins-x.io from vault helm/repos
Successfully added Helm repository chartmuseum.jenkins-x.io.
